<?xml version="1.0" encoding="UTF-8"?>
<!-- Generated by org.testng.reporters.JUnitXMLReporter -->
<testsuite ignored="0" hostname="NOTEBOOK-05" failures="0" tests="5" name="Test" time="6.758" errors="0" timestamp="2021-04-27T08:53:28 AMT">
  <testcase classname="API.GetDateFact" name="Get" time="4.303"/>
  <testcase classname="API.GetMathFact" name="Get" time="0.645"/>
  <testcase classname="API.GetRandomFact" name="Get" time="0.593"/>
  <testcase classname="API.GetTriviaFact" name="Get" time="0.56"/>
  <testcase classname="API.GetYearFact" name="Get" time="0.576"/>
</testsuite> <!-- Test -->
