<?xml version="1.0" encoding="UTF-8"?>
<testng-results ignored="0" total="5" passed="5" failed="0" skipped="0">
  <reporter-output>
  </reporter-output>
  <suite started-at="2021-04-27T08:53:21 AMT" name="Suite" finished-at="2021-04-27T08:53:27 AMT" duration-ms="6758">
    <groups>
    </groups>
    <test started-at="2021-04-27T08:53:21 AMT" name="Test" finished-at="2021-04-27T08:53:27 AMT" duration-ms="6758">
      <class name="API.GetRandomFact">
        <test-method signature="Get()[pri:0, instance:API.GetRandomFact@33065d67]" started-at="2021-04-27T08:53:26 AMT" name="Get" finished-at="2021-04-27T08:53:26 AMT" duration-ms="593" status="PASS">
          <reporter-output>
          </reporter-output>
        </test-method> <!-- Get -->
      </class> <!-- API.GetRandomFact -->
      <class name="API.GetTriviaFact">
        <test-method signature="Get()[pri:0, instance:API.GetTriviaFact@712625fd]" started-at="2021-04-27T08:53:26 AMT" name="Get" finished-at="2021-04-27T08:53:27 AMT" duration-ms="560" status="PASS">
          <reporter-output>
          </reporter-output>
        </test-method> <!-- Get -->
      </class> <!-- API.GetTriviaFact -->
      <class name="API.GetYearFact">
        <test-method signature="Get()[pri:0, instance:API.GetYearFact@7bba5817]" started-at="2021-04-27T08:53:27 AMT" name="Get" finished-at="2021-04-27T08:53:27 AMT" duration-ms="576" status="PASS">
          <reporter-output>
          </reporter-output>
        </test-method> <!-- Get -->
      </class> <!-- API.GetYearFact -->
      <class name="API.GetDateFact">
        <test-method signature="Get()[pri:0, instance:API.GetDateFact@53fb3dab]" started-at="2021-04-27T08:53:21 AMT" name="Get" finished-at="2021-04-27T08:53:25 AMT" duration-ms="4303" status="PASS">
          <reporter-output>
          </reporter-output>
        </test-method> <!-- Get -->
      </class> <!-- API.GetDateFact -->
      <class name="API.GetMathFact">
        <test-method signature="Get()[pri:0, instance:API.GetMathFact@cb0755b]" started-at="2021-04-27T08:53:25 AMT" name="Get" finished-at="2021-04-27T08:53:26 AMT" duration-ms="645" status="PASS">
          <reporter-output>
          </reporter-output>
        </test-method> <!-- Get -->
      </class> <!-- API.GetMathFact -->
    </test> <!-- Test -->
  </suite> <!-- Suite -->
</testng-results>
